<?xml version="1.0" encoding="UTF-8"?>
<!-- Generated by org.testng.reporters.JUnitReportReporter -->
<testsuite skipped="0" hostname="DESKTOP-14I96C6" name="com.Test.FBLoginTest" tests="1" failures="0" timestamp="13 Jul 2018 11:25:29 GMT" time="39.246" errors="0">
  <testcase name="init" time="39.246" classname="com.Test.FBLoginTest"/>
</testsuite> <!-- com.Test.FBLoginTest -->
